<?xml version="1.0" encoding="UTF-8"?>
<testsuite xmlns:xsi="http://www.w3.org/2001/XMLSchema-instance" xsi:schemaLocation="https://maven.apache.org/surefire/maven-surefire-plugin/xsd/surefire-test-report.xsd" name="TestSuite" time="17.626" tests="7" errors="0" skipped="6" failures="1">
  <properties>
    <property name="JOB_NAME" value="job2"/>
    <property name="java.vendor" value="Oracle Corporation"/>
    <property name="sun.java.launcher" value="SUN_STANDARD"/>
    <property name="RUN_TESTS_DISPLAY_URL" value="http://localhost:8081/job/job2/1/display/redirect?page=tests"/>
    <property name="NUMBER_OF_PROCESSORS" value="4"/>
    <property name="sun.management.compiler" value="HotSpot 64-Bit Tiered Compilers"/>
    <property name="JENKINS_HOME" value="C:\ProgramData\Jenkins\.jenkins"/>
    <property name="HUDSON_SERVER_COOKIE" value="dfcae91add6e89d4"/>
    <property name="os.name" value="Windows 10"/>
    <property name="EXECUTOR_NUMBER" value="0"/>
    <property name="PATHEXT" value=".COM;.EXE;.BAT;.CMD;.VBS;.VBE;.JS;.JSE;.WSF;.WSH;.MSC"/>
    <property name="java.vm.specification.vendor" value="Oracle Corporation"/>
    <property name="TEMP" value="C:\Windows\TEMP"/>
    <property name="NODE_LABELS" value="built-in"/>
    <property name="java.runtime.version" value="17.0.6+9-LTS-190"/>
    <property name="WINSW_SERVICE_ID" value="jenkins"/>
    <property name="user.name" value="DESKTOP-DEUFFS0$"/>
    <property name="guice.disable.misplaced.annotation.check" value="true"/>
    <property name="CommonProgramW6432" value="C:\Program Files\Common Files"/>
    <property name="ProgramFiles" value="C:\Program Files"/>
    <property name="user.language" value="en"/>
    <property name="JOB_BASE_NAME" value="job2"/>
    <property name="RUN_CHANGES_DISPLAY_URL" value="http://localhost:8081/job/job2/1/display/redirect?page=changes"/>
    <property name="BUILD_DISPLAY_NAME" value="#1"/>
    <property name="sun.boot.library.path" value="C:\Program Files\Java\jdk-17\bin"/>
    <property name="java.vm.compressedOopsMode" value="32-bit"/>
    <property name="LOCALAPPDATA" value="C:\Windows\system32\config\systemprofile\AppData\Local"/>
    <property name="java.version" value="17.0.6"/>
    <property name="user.timezone" value="Asia/Calcutta"/>
    <property name="PROCESSOR_LEVEL" value="6"/>
    <property name="USERNAME" value="DESKTOP-DEUFFS0$"/>
    <property name="sun.arch.data.model" value="64"/>
    <property name="NODE_NAME" value="built-in"/>
    <property name="BUILD_ID" value="1"/>
    <property name="sun.cpu.isalist" value="amd64"/>
    <property name="sun.jnu.encoding" value="Cp1252"/>
    <property name="maven.conf" value="C:\apache-maven-3.9.1\conf"/>
    <property name="file.separator" value="\"/>
    <property name="java.specification.name" value="Java Platform API Specification"/>
    <property name="java.class.version" value="61.0"/>
    <property name="org.slf4j.simpleLogger.defaultLogLevel" value="info"/>
    <property name="user.country" value="US"/>
    <property name="ALLUSERSPROFILE" value="C:\ProgramData"/>
    <property name="java.home" value="C:\Program Files\Java\jdk-17"/>
    <property name="java.vm.info" value="mixed mode, sharing"/>
    <property name="os.version" value="10.0"/>
    <property name="RUN_DISPLAY_URL" value="http://localhost:8081/job/job2/1/display/redirect"/>
    <property name="TMP" value="C:\Windows\TEMP"/>
    <property name="path.separator" value=";"/>
    <property name="RUN_ARTIFACTS_DISPLAY_URL" value="http://localhost:8081/job/job2/1/display/redirect?page=artifacts"/>
    <property name="java.vm.version" value="17.0.6+9-LTS-190"/>
    <property name="user.variant" value=""/>
    <property name="CommonProgramFiles(x86)" value="C:\Program Files (x86)\Common Files"/>
    <property name="JOB_DISPLAY_URL" value="http://localhost:8081/job/job2/display/redirect"/>
    <property name="CommonProgramFiles" value="C:\Program Files\Common Files"/>
    <property name="JAVA_HOME" value="C:\Program Files\Java\jdk-17"/>
    <property name="sun.io.unicode.encoding" value="UnicodeLittle"/>
    <property name="ComSpec" value="C:\Windows\system32\cmd.exe"/>
    <property name="SERVICE_ID" value="jenkins"/>
    <property name="COMPUTERNAME" value="DESKTOP-DEUFFS0"/>
    <property name="user.script" value=""/>
    <property name="user.home" value="C:\Windows\system32\config\systemprofile"/>
    <property name="PUBLIC" value="C:\Users\Public"/>
    <property name="BUILD_TAG" value="jenkins-job2-1"/>
    <property name="JENKINS_SERVER_COOKIE" value="dfcae91add6e89d4"/>
    <property name="HUDSON_URL" value="http://localhost:8081/"/>
    <property name="ProgramData" value="C:\ProgramData"/>
    <property name="java.version.date" value="2023-01-17"/>
    <property name="java.specification.vendor" value="Oracle Corporation"/>
    <property name="USERPROFILE" value="C:\Windows\system32\config\systemprofile"/>
    <property name="CLASSPATH" value=""/>
    <property name="java.library.path" value="C:\Program Files\Java\jdk-17\bin;C:\Windows\Sun\Java\bin;C:\Windows\system32;C:\Windows;C:\apache-maven-3.9.1/bin;C:\Program Files\Java\jdk-17/bin;C:\Program Files\Java\jdk-17/bin;C:\Program Files\Common Files\Oracle\Java\javapath;C:\Program Files (x86)\Common Files\Oracle\Java\javapath;C:\Program Files\Java\jdk-19\bin;C:\apache-maven-3.9.1\bin;C:\Program Files\Git\cmd;C:\Windows\system32\config\systemprofile\AppData\Local\Microsoft\WindowsApps;."/>
    <property name="java.vendor.url" value="https://java.oracle.com/"/>
    <property name="java.vm.vendor" value="Oracle Corporation"/>
    <property name="APPDATA" value="C:\Windows\system32\config\systemprofile\AppData\Roaming"/>
    <property name="java.runtime.name" value="Java(TM) SE Runtime Environment"/>
    <property name="maven.home" value="C:\apache-maven-3.9.1"/>
    <property name="java.class.path" value="C:\ProgramData\Jenkins\.jenkins\plugins\maven-plugin\WEB-INF\lib\maven35-agent-1.14.jar;C:\apache-maven-3.9.1\boot\plexus-classworlds-2.6.0.jar;C:\apache-maven-3.9.1/conf/logging"/>
    <property name="VS160COMCOMNTOOLS" value="C:\Program Files (x86)\Microsoft Visual Studio\2019\Community\Common7\Tools\"/>
    <property name="sun.java.command" value="jenkins.maven3.agent.Maven35Main C:\apache-maven-3.9.1 C:\ProgramData\Jenkins\war\WEB-INF\lib\remoting-3107.v665000b_51092.jar C:\ProgramData\Jenkins\.jenkins\plugins\maven-plugin\WEB-INF\lib\maven35-interceptor-1.14.jar C:\ProgramData\Jenkins\.jenkins\plugins\maven-plugin\WEB-INF\lib\maven3-interceptor-commons-1.14.jar 64664"/>
    <property name="native.encoding" value="Cp1252"/>
    <property name="Path" value="C:\Program Files\Java\jdk-17/bin;C:\Program Files\Common Files\Oracle\Java\javapath;C:\Program Files (x86)\Common Files\Oracle\Java\javapath;C:\Program Files\Java\jdk-19\bin;C:\apache-maven-3.9.1\bin;C:\Program Files\Git\cmd;C:\Windows\system32\config\systemprofile\AppData\Local\Microsoft\WindowsApps"/>
    <property name="jdk.debug" value="release"/>
    <property name="PROCESSOR_ARCHITECTURE" value="AMD64"/>
    <property name="java.vm.specification.name" value="Java Virtual Machine Specification"/>
    <property name="jansi.mode" value="strip"/>
    <property name="PATH+JDK" value="C:\Program Files\Java\jdk-17/bin"/>
    <property name="PROCESSOR_IDENTIFIER" value="Intel64 Family 6 Model 58 Stepping 9, GenuineIntel"/>
    <property name="java.vm.specification.version" value="17"/>
    <property name="M2_HOME" value="C:\apache-maven-3.9.1"/>
    <property name="sun.cpu.endian" value="little"/>
    <property name="sun.os.patch.level" value=""/>
    <property name="OS" value="Windows_NT"/>
    <property name="CI" value="true"/>
    <property name="java.io.tmpdir" value="C:\Windows\TEMP\"/>
    <property name="HUDSON_HOME" value="C:\ProgramData\Jenkins\.jenkins"/>
    <property name="PATH+MAVEN" value="C:\apache-maven-3.9.1/bin"/>
    <property name="ProgramFiles(x86)" value="C:\Program Files (x86)"/>
    <property name="java.vendor.url.bug" value="https://bugreport.java.com/bugreport/"/>
    <property name="BUILD_URL" value="http://localhost:8081/job/job2/1/"/>
    <property name="SystemRoot" value="C:\Windows"/>
    <property name="os.arch" value="amd64"/>
    <property name="user.dir" value="F:\Eclipse_Programs\MavenBasic"/>
    <property name="JOB_URL" value="http://localhost:8081/job/job2/"/>
    <property name="USERDOMAIN" value="WORKGROUP"/>
    <property name="MAVEN_HOME" value="C:\apache-maven-3.9.1"/>
    <property name="line.separator" value="&#10;"/>
    <property name="java.vm.name" value="Java HotSpot(TM) 64-Bit Server VM"/>
    <property name="BASE" value="C:\Program Files\Jenkins"/>
    <property name="BUILD_NUMBER" value="1"/>
    <property name="PROCESSOR_REVISION" value="3a09"/>
    <property name="JENKINS_URL" value="http://localhost:8081/"/>
    <property name="ProgramW6432" value="C:\Program Files"/>
    <property name="windir" value="C:\Windows"/>
    <property name="file.encoding" value="Cp1252"/>
    <property name="SystemDrive" value="C:"/>
    <property name="maven3.interceptor" value="C:\ProgramData\Jenkins\.jenkins\plugins\maven-plugin\WEB-INF\lib\maven35-interceptor-1.14.jar"/>
    <property name="WORKSPACE_TMP" value="C:\ProgramData\Jenkins\.jenkins\workspace\job2@tmp"/>
    <property name="WORKSPACE" value="C:\ProgramData\Jenkins\.jenkins\workspace\job2"/>
    <property name="maven3.interceptor.common" value="C:\ProgramData\Jenkins\.jenkins\plugins\maven-plugin\WEB-INF\lib\maven3-interceptor-commons-1.14.jar"/>
    <property name="WINSW_EXECUTABLE" value="C:\Program Files\Jenkins\jenkins.exe"/>
    <property name="PSModulePath" value="C:\Program Files\WindowsPowerShell\Modules;C:\Windows\system32\WindowsPowerShell\v1.0\Modules"/>
    <property name="java.specification.version" value="17"/>
    <property name="DriverData" value="C:\Windows\System32\Drivers\DriverData"/>
  </properties>
  <testcase name="startUp" classname="testng.BeforeAfterTestGoogle" time="17.292">
    <failure message="unknown error: cannot find Chrome binary&#10;Build info: version: &apos;3.141.59&apos;, revision: &apos;e82be7d358&apos;, time: &apos;2018-11-14T08:17:03&apos;&#10;System info: host: &apos;DESKTOP-DEUFFS0&apos;, ip: &apos;192.168.1.4&apos;, os.name: &apos;Windows 10&apos;, os.arch: &apos;amd64&apos;, os.version: &apos;10.0&apos;, java.version: &apos;17.0.6&apos;&#10;Driver info: driver.version: ChromeDriver&#10;remote stacktrace: Backtrace:&#10;	GetHandleVerifier [0x00D5DCE3+50899]&#10;	(No symbol) [0x00CEE111]&#10;	(No symbol) [0x00BF5588]&#10;	(No symbol) [0x00C10AAB]&#10;	(No symbol) [0x00C0F479]&#10;	(No symbol) [0x00C41FFE]&#10;	(No symbol) [0x00C41CEC]&#10;	(No symbol) [0x00C3B6F6]&#10;	(No symbol) [0x00C17708]&#10;	(No symbol) [0x00C1886D]&#10;	GetHandleVerifier [0x00FC3EAE+2566302]&#10;	GetHandleVerifier [0x00FF92B1+2784417]&#10;	GetHandleVerifier [0x00FF327C+2759788]&#10;	GetHandleVerifier [0x00DF5740+672048]&#10;	(No symbol) [0x00CF8872]&#10;	(No symbol) [0x00CF41C8]&#10;	(No symbol) [0x00CF42AB]&#10;	(No symbol) [0x00CE71B7]&#10;	BaseThreadInitThunk [0x75C90099+25]&#10;	RtlGetAppContainerNamedObjectPath [0x77887B6E+286]&#10;	RtlGetAppContainerNamedObjectPath [0x77887B3E+238]&#10;" type="org.openqa.selenium.WebDriverException">org.openqa.selenium.WebDriverException: 
unknown error: cannot find Chrome binary
Build info: version: '3.141.59', revision: 'e82be7d358', time: '2018-11-14T08:17:03'
System info: host: 'DESKTOP-DEUFFS0', ip: '192.168.1.4', os.name: 'Windows 10', os.arch: 'amd64', os.version: '10.0', java.version: '17.0.6'
Driver info: driver.version: ChromeDriver
remote stacktrace: Backtrace:
	GetHandleVerifier [0x00D5DCE3+50899]
	(No symbol) [0x00CEE111]
	(No symbol) [0x00BF5588]
	(No symbol) [0x00C10AAB]
	(No symbol) [0x00C0F479]
	(No symbol) [0x00C41FFE]
	(No symbol) [0x00C41CEC]
	(No symbol) [0x00C3B6F6]
	(No symbol) [0x00C17708]
	(No symbol) [0x00C1886D]
	GetHandleVerifier [0x00FC3EAE+2566302]
	GetHandleVerifier [0x00FF92B1+2784417]
	GetHandleVerifier [0x00FF327C+2759788]
	GetHandleVerifier [0x00DF5740+672048]
	(No symbol) [0x00CF8872]
	(No symbol) [0x00CF41C8]
	(No symbol) [0x00CF42AB]
	(No symbol) [0x00CE71B7]
	BaseThreadInitThunk [0x75C90099+25]
	RtlGetAppContainerNamedObjectPath [0x77887B6E+286]
	RtlGetAppContainerNamedObjectPath [0x77887B3E+238]

	at testng.BeforeAfterTestGoogle.startUp(BeforeAfterTestGoogle.java:15)
</failure>
    <system-out><![CDATA[[TestNGContentHandler] [WARN] It is strongly recommended to add "<!DOCTYPE suite SYSTEM "http://testng.org/testng-1.0.dtd" >" at the top of your file, otherwise TestNG may fail or not work as expected.
]]></system-out>
    <system-err><![CDATA[SLF4J: Failed to load class "org.slf4j.impl.StaticLoggerBinder".
SLF4J: Defaulting to no-operation (NOP) logger implementation
SLF4J: See http://www.slf4j.org/codes.html#StaticLoggerBinder for further details.
log4j:WARN No appenders could be found for logger (org.apache.http.client.protocol.RequestAddCookies).
log4j:WARN Please initialize the log4j system properly.
Starting ChromeDriver 112.0.5615.49 (bd2a7bcb881c11e8cfe3078709382934e3916914-refs/branch-heads/5615@{#936}) on port 26451
Only local connections are allowed.
Please see https://chromedriver.chromium.org/security-considerations for suggestions on keeping ChromeDriver safe.
ChromeDriver was started successfully.
]]></system-err>
  </testcase>
  <testcase name="testGoogleLandingPage" classname="testng.BeforeAfterTestGoogle" time="0">
    <skipped message="unknown error: cannot find Chrome binary&#10;Build info: version: &apos;3.141.59&apos;, revision: &apos;e82be7d358&apos;, time: &apos;2018-11-14T08:17:03&apos;&#10;System info: host: &apos;DESKTOP-DEUFFS0&apos;, ip: &apos;192.168.1.4&apos;, os.name: &apos;Windows 10&apos;, os.arch: &apos;amd64&apos;, os.version: &apos;10.0&apos;, java.version: &apos;17.0.6&apos;&#10;Driver info: driver.version: ChromeDriver&#10;remote stacktrace: Backtrace:&#10;	GetHandleVerifier [0x00D5DCE3+50899]&#10;	(No symbol) [0x00CEE111]&#10;	(No symbol) [0x00BF5588]&#10;	(No symbol) [0x00C10AAB]&#10;	(No symbol) [0x00C0F479]&#10;	(No symbol) [0x00C41FFE]&#10;	(No symbol) [0x00C41CEC]&#10;	(No symbol) [0x00C3B6F6]&#10;	(No symbol) [0x00C17708]&#10;	(No symbol) [0x00C1886D]&#10;	GetHandleVerifier [0x00FC3EAE+2566302]&#10;	GetHandleVerifier [0x00FF92B1+2784417]&#10;	GetHandleVerifier [0x00FF327C+2759788]&#10;	GetHandleVerifier [0x00DF5740+672048]&#10;	(No symbol) [0x00CF8872]&#10;	(No symbol) [0x00CF41C8]&#10;	(No symbol) [0x00CF42AB]&#10;	(No symbol) [0x00CE71B7]&#10;	BaseThreadInitThunk [0x75C90099+25]&#10;	RtlGetAppContainerNamedObjectPath [0x77887B6E+286]&#10;	RtlGetAppContainerNamedObjectPath [0x77887B3E+238]&#10;"/>
  </testcase>
  <testcase name="testSearch" classname="testng.BeforeAfterTestGoogle" time="0">
    <skipped message="unknown error: cannot find Chrome binary&#10;Build info: version: &apos;3.141.59&apos;, revision: &apos;e82be7d358&apos;, time: &apos;2018-11-14T08:17:03&apos;&#10;System info: host: &apos;DESKTOP-DEUFFS0&apos;, ip: &apos;192.168.1.4&apos;, os.name: &apos;Windows 10&apos;, os.arch: &apos;amd64&apos;, os.version: &apos;10.0&apos;, java.version: &apos;17.0.6&apos;&#10;Driver info: driver.version: ChromeDriver&#10;remote stacktrace: Backtrace:&#10;	GetHandleVerifier [0x00D5DCE3+50899]&#10;	(No symbol) [0x00CEE111]&#10;	(No symbol) [0x00BF5588]&#10;	(No symbol) [0x00C10AAB]&#10;	(No symbol) [0x00C0F479]&#10;	(No symbol) [0x00C41FFE]&#10;	(No symbol) [0x00C41CEC]&#10;	(No symbol) [0x00C3B6F6]&#10;	(No symbol) [0x00C17708]&#10;	(No symbol) [0x00C1886D]&#10;	GetHandleVerifier [0x00FC3EAE+2566302]&#10;	GetHandleVerifier [0x00FF92B1+2784417]&#10;	GetHandleVerifier [0x00FF327C+2759788]&#10;	GetHandleVerifier [0x00DF5740+672048]&#10;	(No symbol) [0x00CF8872]&#10;	(No symbol) [0x00CF41C8]&#10;	(No symbol) [0x00CF42AB]&#10;	(No symbol) [0x00CE71B7]&#10;	BaseThreadInitThunk [0x75C90099+25]&#10;	RtlGetAppContainerNamedObjectPath [0x77887B6E+286]&#10;	RtlGetAppContainerNamedObjectPath [0x77887B3E+238]&#10;"/>
  </testcase>
  <testcase name="testCase1" classname="testng.Example1" time="0">
    <skipped message="unknown error: cannot find Chrome binary&#10;Build info: version: &apos;3.141.59&apos;, revision: &apos;e82be7d358&apos;, time: &apos;2018-11-14T08:17:03&apos;&#10;System info: host: &apos;DESKTOP-DEUFFS0&apos;, ip: &apos;192.168.1.4&apos;, os.name: &apos;Windows 10&apos;, os.arch: &apos;amd64&apos;, os.version: &apos;10.0&apos;, java.version: &apos;17.0.6&apos;&#10;Driver info: driver.version: ChromeDriver&#10;remote stacktrace: Backtrace:&#10;	GetHandleVerifier [0x00D5DCE3+50899]&#10;	(No symbol) [0x00CEE111]&#10;	(No symbol) [0x00BF5588]&#10;	(No symbol) [0x00C10AAB]&#10;	(No symbol) [0x00C0F479]&#10;	(No symbol) [0x00C41FFE]&#10;	(No symbol) [0x00C41CEC]&#10;	(No symbol) [0x00C3B6F6]&#10;	(No symbol) [0x00C17708]&#10;	(No symbol) [0x00C1886D]&#10;	GetHandleVerifier [0x00FC3EAE+2566302]&#10;	GetHandleVerifier [0x00FF92B1+2784417]&#10;	GetHandleVerifier [0x00FF327C+2759788]&#10;	GetHandleVerifier [0x00DF5740+672048]&#10;	(No symbol) [0x00CF8872]&#10;	(No symbol) [0x00CF41C8]&#10;	(No symbol) [0x00CF42AB]&#10;	(No symbol) [0x00CE71B7]&#10;	BaseThreadInitThunk [0x75C90099+25]&#10;	RtlGetAppContainerNamedObjectPath [0x77887B6E+286]&#10;	RtlGetAppContainerNamedObjectPath [0x77887B3E+238]&#10;"/>
  </testcase>
  <testcase name="testCase2" classname="testng.Example1" time="0">
    <skipped message="unknown error: cannot find Chrome binary&#10;Build info: version: &apos;3.141.59&apos;, revision: &apos;e82be7d358&apos;, time: &apos;2018-11-14T08:17:03&apos;&#10;System info: host: &apos;DESKTOP-DEUFFS0&apos;, ip: &apos;192.168.1.4&apos;, os.name: &apos;Windows 10&apos;, os.arch: &apos;amd64&apos;, os.version: &apos;10.0&apos;, java.version: &apos;17.0.6&apos;&#10;Driver info: driver.version: ChromeDriver&#10;remote stacktrace: Backtrace:&#10;	GetHandleVerifier [0x00D5DCE3+50899]&#10;	(No symbol) [0x00CEE111]&#10;	(No symbol) [0x00BF5588]&#10;	(No symbol) [0x00C10AAB]&#10;	(No symbol) [0x00C0F479]&#10;	(No symbol) [0x00C41FFE]&#10;	(No symbol) [0x00C41CEC]&#10;	(No symbol) [0x00C3B6F6]&#10;	(No symbol) [0x00C17708]&#10;	(No symbol) [0x00C1886D]&#10;	GetHandleVerifier [0x00FC3EAE+2566302]&#10;	GetHandleVerifier [0x00FF92B1+2784417]&#10;	GetHandleVerifier [0x00FF327C+2759788]&#10;	GetHandleVerifier [0x00DF5740+672048]&#10;	(No symbol) [0x00CF8872]&#10;	(No symbol) [0x00CF41C8]&#10;	(No symbol) [0x00CF42AB]&#10;	(No symbol) [0x00CE71B7]&#10;	BaseThreadInitThunk [0x75C90099+25]&#10;	RtlGetAppContainerNamedObjectPath [0x77887B6E+286]&#10;	RtlGetAppContainerNamedObjectPath [0x77887B3E+238]&#10;"/>
  </testcase>
  <testcase name="testCase3" classname="testng.Example1" time="0">
    <skipped message="unknown error: cannot find Chrome binary&#10;Build info: version: &apos;3.141.59&apos;, revision: &apos;e82be7d358&apos;, time: &apos;2018-11-14T08:17:03&apos;&#10;System info: host: &apos;DESKTOP-DEUFFS0&apos;, ip: &apos;192.168.1.4&apos;, os.name: &apos;Windows 10&apos;, os.arch: &apos;amd64&apos;, os.version: &apos;10.0&apos;, java.version: &apos;17.0.6&apos;&#10;Driver info: driver.version: ChromeDriver&#10;remote stacktrace: Backtrace:&#10;	GetHandleVerifier [0x00D5DCE3+50899]&#10;	(No symbol) [0x00CEE111]&#10;	(No symbol) [0x00BF5588]&#10;	(No symbol) [0x00C10AAB]&#10;	(No symbol) [0x00C0F479]&#10;	(No symbol) [0x00C41FFE]&#10;	(No symbol) [0x00C41CEC]&#10;	(No symbol) [0x00C3B6F6]&#10;	(No symbol) [0x00C17708]&#10;	(No symbol) [0x00C1886D]&#10;	GetHandleVerifier [0x00FC3EAE+2566302]&#10;	GetHandleVerifier [0x00FF92B1+2784417]&#10;	GetHandleVerifier [0x00FF327C+2759788]&#10;	GetHandleVerifier [0x00DF5740+672048]&#10;	(No symbol) [0x00CF8872]&#10;	(No symbol) [0x00CF41C8]&#10;	(No symbol) [0x00CF42AB]&#10;	(No symbol) [0x00CE71B7]&#10;	BaseThreadInitThunk [0x75C90099+25]&#10;	RtlGetAppContainerNamedObjectPath [0x77887B6E+286]&#10;	RtlGetAppContainerNamedObjectPath [0x77887B3E+238]&#10;"/>
  </testcase>
  <testcase name="tearDown" classname="testng.BeforeAfterTestGoogle" time="0">
    <skipped/>
  </testcase>
</testsuite>