<?xml version="1.0" encoding="UTF-8"?>
<!-- Generated by org.testng.reporters.JUnitXMLReporter -->
<testsuite ignored="0" hostname="DESKTOP-DEUFFS0" failures="0" tests="5" name="Test" time="3.302" errors="0" timestamp="19 Apr 2023 17:10:43 GMT">
  <testcase classname="testng.BeforeAfterTestGoogle" name="@BeforeTest startUp" time="3.261">
    <failure type="org.openqa.selenium.WebDriverException" message="unknown error: cannot find Chrome binary
Build info: version: &amp;apos;3.141.59&amp;apos;, revision: &amp;apos;e82be7d358&amp;apos;, time: &amp;apos;2018-11-14T08:17:03&amp;apos;
System info: host: &amp;apos;DESKTOP-DEUFFS0&amp;apos;, ip: &amp;apos;192.168.1.4&amp;apos;, os.name: &amp;apos;Windows 10&amp;apos;, os.arch: &amp;apos;amd64&amp;apos;, os.version: &amp;apos;10.0&amp;apos;, java.version: &amp;apos;17.0.6&amp;apos;
Driver info: driver.version: ChromeDriver
remote stacktrace: Backtrace:
	GetHandleVerifier [0x00D5DCE3+50899]
	(No symbol) [0x00CEE111]
	(No symbol) [0x00BF5588]
	(No symbol) [0x00C10AAB]
	(No symbol) [0x00C0F479]
	(No symbol) [0x00C41FFE]
	(No symbol) [0x00C41CEC]
	(No symbol) [0x00C3B6F6]
	(No symbol) [0x00C17708]
	(No symbol) [0x00C1886D]
	GetHandleVerifier [0x00FC3EAE+2566302]
	GetHandleVerifier [0x00FF92B1+2784417]
	GetHandleVerifier [0x00FF327C+2759788]
	GetHandleVerifier [0x00DF5740+672048]
	(No symbol) [0x00CF8872]
	(No symbol) [0x00CF41C8]
	(No symbol) [0x00CF42AB]
	(No symbol) [0x00CE71B7]
	BaseThreadInitThunk [0x75C90099+25]
	RtlGetAppContainerNamedObjectPath [0x77887B6E+286]
	RtlGetAppContainerNamedObjectPath [0x77887B3E+238]
">
      <![CDATA[org.openqa.selenium.WebDriverException: unknown error: cannot find Chrome binary
Build info: version: '3.141.59', revision: 'e82be7d358', time: '2018-11-14T08:17:03'
System info: host: 'DESKTOP-DEUFFS0', ip: '192.168.1.4', os.name: 'Windows 10', os.arch: 'amd64', os.version: '10.0', java.version: '17.0.6'
Driver info: driver.version: ChromeDriver
remote stacktrace: Backtrace:
GetHandleVerifier [0x00D5DCE3+50899]
(No symbol) [0x00CEE111]
(No symbol) [0x00BF5588]
(No symbol) [0x00C10AAB]
(No symbol) [0x00C0F479]
(No symbol) [0x00C41FFE]
(No symbol) [0x00C41CEC]
(No symbol) [0x00C3B6F6]
(No symbol) [0x00C17708]
(No symbol) [0x00C1886D]
GetHandleVerifier [0x00FC3EAE+2566302]
GetHandleVerifier [0x00FF92B1+2784417]
GetHandleVerifier [0x00FF327C+2759788]
GetHandleVerifier [0x00DF5740+672048]
(No symbol) [0x00CF8872]
(No symbol) [0x00CF41C8]
(No symbol) [0x00CF42AB]
(No symbol) [0x00CE71B7]
BaseThreadInitThunk [0x75C90099+25]
RtlGetAppContainerNamedObjectPath [0x77887B6E+286]
RtlGetAppContainerNamedObjectPath [0x77887B3E+238]

at org.openqa.selenium.remote.W3CHandshakeResponse.lambda$errorHandler$0(W3CHandshakeResponse.java:62)
at org.openqa.selenium.remote.HandshakeResponse.lambda$getResponseFunction$0(HandshakeResponse.java:30)
at org.openqa.selenium.remote.ProtocolHandshake.lambda$createSession$0(ProtocolHandshake.java:126)
at java.base/java.util.stream.ReferencePipeline$3$1.accept(ReferencePipeline.java:197)
at java.base/java.util.Spliterators$ArraySpliterator.tryAdvance(Spliterators.java:1002)
at java.base/java.util.stream.ReferencePipeline.forEachWithCancel(ReferencePipeline.java:129)
at java.base/java.util.stream.AbstractPipeline.copyIntoWithCancel(AbstractPipeline.java:527)
at java.base/java.util.stream.AbstractPipeline.copyInto(AbstractPipeline.java:513)
at java.base/java.util.stream.AbstractPipeline.wrapAndCopyInto(AbstractPipeline.java:499)
at java.base/java.util.stream.FindOps$FindOp.evaluateSequential(FindOps.java:150)
at java.base/java.util.stream.AbstractPipeline.evaluate(AbstractPipeline.java:234)
at java.base/java.util.stream.ReferencePipeline.findFirst(ReferencePipeline.java:647)
at org.openqa.selenium.remote.ProtocolHandshake.createSession(ProtocolHandshake.java:128)
at org.openqa.selenium.remote.ProtocolHandshake.createSession(ProtocolHandshake.java:74)
at org.openqa.selenium.remote.HttpCommandExecutor.execute(HttpCommandExecutor.java:136)
at org.openqa.selenium.remote.service.DriverCommandExecutor.execute(DriverCommandExecutor.java:83)
at org.openqa.selenium.remote.RemoteWebDriver.execute(RemoteWebDriver.java:552)
at org.openqa.selenium.remote.RemoteWebDriver.startSession(RemoteWebDriver.java:213)
at org.openqa.selenium.remote.RemoteWebDriver.<init>(RemoteWebDriver.java:131)
at org.openqa.selenium.chrome.ChromeDriver.<init>(ChromeDriver.java:181)
at org.openqa.selenium.chrome.ChromeDriver.<init>(ChromeDriver.java:168)
at org.openqa.selenium.chrome.ChromeDriver.<init>(ChromeDriver.java:123)
at utilities.SeleniumUtility3.setUp(SeleniumUtility3.java:38)
at testng.BeforeAfterTestGoogle.startUp(BeforeAfterTestGoogle.java:15)
... Removed 32 stack frames]]>
    </failure>
  </testcase> <!-- @BeforeTest startUp -->
  <testcase classname="testng.BeforeAfterTestGoogle" name="@AfterTest tearDown" time="0.0">
    <skipped/>
  </testcase> <!-- @AfterTest tearDown -->
  <testcase classname="testng.BeforeAfterTestGoogle" name="testGoogleLandingPage" time="0.0">
    <skipped/>
  </testcase> <!-- testGoogleLandingPage -->
  <testcase classname="testng.BeforeAfterTestGoogle" name="testSearch" time="0.0">
    <skipped/>
  </testcase> <!-- testSearch -->
  <testcase classname="testng.Example1" name="testCase1" time="0.0">
    <skipped/>
  </testcase> <!-- testCase1 -->
  <testcase classname="testng.Example1" name="testCase2" time="0.0">
    <skipped/>
  </testcase> <!-- testCase2 -->
  <testcase classname="testng.Example1" name="testCase3" time="0.0">
    <skipped/>
  </testcase> <!-- testCase3 -->
</testsuite> <!-- Test -->
